0 info it worked if it ends with ok
1 verbose cli [ 'node', '/usr/local/bin/npm', 'install', '--save', 'express' ]
2 info using npm@3.10.2
3 info using node@v0.12.7
4 silly loadCurrentTree Starting
5 silly install loadCurrentTree
6 silly install readLocalPackageData
7 silly fetchPackageMetaData express@^4.14.0
8 silly fetchNamedPackageData express
9 silly mapToRegistry name express
10 silly mapToRegistry using default registry
11 silly mapToRegistry registry https://registry.npmjs.org/
12 silly mapToRegistry data { raw: 'express',
12 silly mapToRegistry   scope: null,
12 silly mapToRegistry   escapedName: 'express',
12 silly mapToRegistry   name: 'express',
12 silly mapToRegistry   rawSpec: '',
12 silly mapToRegistry   spec: 'latest',
12 silly mapToRegistry   type: 'tag' }
13 silly mapToRegistry uri https://registry.npmjs.org/express
14 verbose request uri https://registry.npmjs.org/express
15 verbose request no auth needed
16 info attempt registry request try #1 at 02:45:10
17 verbose request id 1794a38001f4fe8a
18 verbose etag "EWYBN9F6GLE80B4MHAH6JPT4C"
19 http request GET https://registry.npmjs.org/express
20 http 304 https://registry.npmjs.org/express
21 verbose headers { date: 'Sat, 13 Aug 2016 21:15:10 GMT',
21 verbose headers   via: '1.1 varnish',
21 verbose headers   'cache-control': 'max-age=300',
21 verbose headers   etag: '"EWYBN9F6GLE80B4MHAH6JPT4C"',
21 verbose headers   age: '144',
21 verbose headers   connection: 'keep-alive',
21 verbose headers   'x-served-by': 'cache-sin6924-SIN',
21 verbose headers   'x-cache': 'HIT',
21 verbose headers   'x-cache-hits': '1',
21 verbose headers   'x-timer': 'S1471122910.667911,VS0,VE0',
21 verbose headers   vary: 'Accept-Encoding' }
22 silly get cb [ 304,
22 silly get   { date: 'Sat, 13 Aug 2016 21:15:10 GMT',
22 silly get     via: '1.1 varnish',
22 silly get     'cache-control': 'max-age=300',
22 silly get     etag: '"EWYBN9F6GLE80B4MHAH6JPT4C"',
22 silly get     age: '144',
22 silly get     connection: 'keep-alive',
22 silly get     'x-served-by': 'cache-sin6924-SIN',
22 silly get     'x-cache': 'HIT',
22 silly get     'x-cache-hits': '1',
22 silly get     'x-timer': 'S1471122910.667911,VS0,VE0',
22 silly get     vary: 'Accept-Encoding' } ]
23 verbose etag https://registry.npmjs.org/express from cache
24 verbose get saving express to /home/aaditya/.npm/registry.npmjs.org/express/.cache.json
25 verbose correctMkdir /home/aaditya/.npm correctMkdir not in flight; initializing
26 silly install normalizeTree
27 silly loadCurrentTree Finishing
28 silly loadIdealTree Starting
29 silly install loadIdealTree
30 silly cloneCurrentTree Starting
31 silly install cloneCurrentTreeToIdealTree
32 silly cloneCurrentTree Finishing
33 silly loadShrinkwrap Starting
34 silly install loadShrinkwrap
35 silly loadShrinkwrap Finishing
36 silly loadAllDepsIntoIdealTree Starting
37 silly install loadAllDepsIntoIdealTree
38 silly resolveWithNewModule express@4.14.0 checking installable status
39 silly cache add args [ 'express@^4.14.0', null ]
40 verbose cache add spec express@^4.14.0
41 silly cache add parsed spec { raw: 'express@^4.14.0',
41 silly cache add   scope: null,
41 silly cache add   escapedName: 'express',
41 silly cache add   name: 'express',
41 silly cache add   rawSpec: '^4.14.0',
41 silly cache add   spec: '>=4.14.0 <5.0.0',
41 silly cache add   type: 'range' }
42 silly addNamed express@>=4.14.0 <5.0.0
43 verbose addNamed ">=4.14.0 <5.0.0" is a valid semver range for express
44 silly addNameRange { name: 'express', range: '>=4.14.0 <5.0.0', hasData: false }
45 silly mapToRegistry name express
46 silly mapToRegistry using default registry
47 silly mapToRegistry registry https://registry.npmjs.org/
48 silly mapToRegistry data { raw: 'express',
48 silly mapToRegistry   scope: null,
48 silly mapToRegistry   escapedName: 'express',
48 silly mapToRegistry   name: 'express',
48 silly mapToRegistry   rawSpec: '',
48 silly mapToRegistry   spec: 'latest',
48 silly mapToRegistry   type: 'tag' }
49 silly mapToRegistry uri https://registry.npmjs.org/express
50 verbose addNameRange registry:https://registry.npmjs.org/express not in flight; fetching
51 verbose get https://registry.npmjs.org/express not expired, no request
52 silly addNameRange number 2 { name: 'express', range: '>=4.14.0 <5.0.0', hasData: true }
53 silly addNameRange versions [ 'express',
53 silly addNameRange   [ '0.14.0',
53 silly addNameRange     '0.14.1',
53 silly addNameRange     '1.0.0',
53 silly addNameRange     '1.0.1',
53 silly addNameRange     '1.0.2',
53 silly addNameRange     '1.0.3',
53 silly addNameRange     '1.0.4',
53 silly addNameRange     '1.0.5',
53 silly addNameRange     '1.0.6',
53 silly addNameRange     '1.0.7',
53 silly addNameRange     '1.0.8',
53 silly addNameRange     '2.0.0',
53 silly addNameRange     '2.1.0',
53 silly addNameRange     '2.1.1',
53 silly addNameRange     '2.2.0',
53 silly addNameRange     '2.2.1',
53 silly addNameRange     '2.2.2',
53 silly addNameRange     '2.3.0',
53 silly addNameRange     '2.3.1',
53 silly addNameRange     '2.3.2',
53 silly addNameRange     '2.3.3',
53 silly addNameRange     '2.3.4',
53 silly addNameRange     '2.3.5',
53 silly addNameRange     '2.3.6',
53 silly addNameRange     '2.3.7',
53 silly addNameRange     '2.3.8',
53 silly addNameRange     '2.3.9',
53 silly addNameRange     '2.3.10',
53 silly addNameRange     '2.3.11',
53 silly addNameRange     '2.3.12',
53 silly addNameRange     '2.4.0',
53 silly addNameRange     '2.4.1',
53 silly addNameRange     '2.4.2',
53 silly addNameRange     '2.4.3',
53 silly addNameRange     '2.4.4',
53 silly addNameRange     '2.4.5',
53 silly addNameRange     '2.4.6',
53 silly addNameRange     '2.4.7',
53 silly addNameRange     '2.5.0',
53 silly addNameRange     '2.5.1',
53 silly addNameRange     '2.5.2',
53 silly addNameRange     '2.5.3',
53 silly addNameRange     '2.5.4',
53 silly addNameRange     '2.5.5',
53 silly addNameRange     '2.5.6',
53 silly addNameRange     '2.5.7',
53 silly addNameRange     '2.5.8',
53 silly addNameRange     '2.5.9',
53 silly addNameRange     '2.5.10',
53 silly addNameRange     '2.5.11',
53 silly addNameRange     '3.0.0',
53 silly addNameRange     '3.0.1',
53 silly addNameRange     '3.0.2',
53 silly addNameRange     '3.0.3',
53 silly addNameRange     '3.0.4',
53 silly addNameRange     '3.0.5',
53 silly addNameRange     '3.0.6',
53 silly addNameRange     '3.1.0',
53 silly addNameRange     '3.1.1',
53 silly addNameRange     '3.1.2',
53 silly addNameRange     '3.2.0',
53 silly addNameRange     '3.2.1',
53 silly addNameRange     '3.2.2',
53 silly addNameRange     '3.2.3',
53 silly addNameRange     '3.2.4',
53 silly addNameRange     '3.2.5',
53 silly addNameRange     '3.2.6',
53 silly addNameRange     '3.3.0',
53 silly addNameRange     '3.3.1',
53 silly addNameRange     '3.3.2',
53 silly addNameRange     '3.3.3',
53 silly addNameRange     '3.3.4',
53 silly addNameRange     '3.3.5',
53 silly addNameRange     '3.3.6',
53 silly addNameRange     '1.0.0-beta',
53 silly addNameRange     '1.0.0-beta2',
53 silly addNameRange     '1.0.0-rc',
53 silly addNameRange     '1.0.0-rc2',
53 silly addNameRange     '1.0.0-rc3',
53 silly addNameRange     '1.0.0-rc4',
53 silly addNameRange     '2.0.0-beta',
53 silly addNameRange     '2.0.0-beta2',
53 silly addNameRange     '2.0.0-beta3',
53 silly addNameRange     '2.0.0-rc',
53 silly addNameRange     '2.0.0-rc2',
53 silly addNameRange     '2.0.0-rc3',
53 silly addNameRange     '3.0.0-alpha1',
53 silly addNameRange     '3.0.0-alpha2',
53 silly addNameRange     '3.0.0-alpha3',
53 silly addNameRange     '3.0.0-alpha4',
53 silly addNameRange     '3.0.0-alpha5',
53 silly addNameRange     '3.0.0-beta1',
53 silly addNameRange     '3.0.0-beta2',
53 silly addNameRange     '3.0.0-beta3',
53 silly addNameRange     '3.0.0-beta4',
53 silly addNameRange     '3.0.0-beta6',
53 silly addNameRange     '3.0.0-beta7',
53 silly addNameRange     '3.0.0-rc1',
53 silly addNameRange     '3.0.0-rc2',
53 silly addNameRange     '3.0.0-rc3',
53 silly addNameRange     '3.0.0-rc4',
53 silly addNameRange     '3.0.0-rc5',
53 silly addNameRange     '3.3.7',
53 silly addNameRange     '3.3.8',
53 silly addNameRange     '3.4.0',
53 silly addNameRange     '3.4.1',
53 silly addNameRange     '3.4.2',
53 silly addNameRange     '3.4.3',
53 silly addNameRange     '3.4.4',
53 silly addNameRange     '3.4.5',
53 silly addNameRange     '3.4.6',
53 silly addNameRange     '3.4.7',
53 silly addNameRange     '3.4.8',
53 silly addNameRange     '4.0.0-rc1',
53 silly addNameRange     '4.0.0-rc2',
53 silly addNameRange     '3.5.0',
53 silly addNameRange     '4.0.0-rc3',
53 silly addNameRange     '4.0.0-rc4',
53 silly addNameRange     '3.5.1',
53 silly addNameRange     '4.0.0',
53 silly addNameRange     '3.5.2',
53 silly addNameRange     '4.1.0',
53 silly addNameRange     '4.1.1',
53 silly addNameRange     '3.5.3',
53 silly addNameRange     '4.1.2',
53 silly addNameRange     '3.6.0',
53 silly addNameRange     '4.2.0',
53 silly addNameRange     '3.7.0',
53 silly addNameRange     '3.8.0',
53 silly addNameRange     '4.3.0',
53 silly addNameRange     '4.3.1',
53 silly addNameRange     '3.8.1',
53 silly addNameRange     '4.3.2',
53 silly addNameRange     '3.9.0',
53 silly addNameRange     '4.4.0',
53 silly addNameRange     '4.4.1',
53 silly addNameRange     '3.10.0',
53 silly addNameRange     '3.10.1',
53 silly addNameRange     '3.10.2',
53 silly addNameRange     '3.10.3',
53 silly addNameRange     '3.10.4',
53 silly addNameRange     '4.4.2',
53 silly addNameRange     '3.10.5',
53 silly addNameRange     '4.4.3',
53 silly addNameRange     '3.11.0',
53 silly addNameRange     '4.4.4',
53 silly addNameRange     '3.12.0',
53 silly addNameRange     '3.12.1',
53 silly addNameRange     '4.4.5',
53 silly addNameRange     '3.13.0',
53 silly addNameRange     '4.5.0',
53 silly addNameRange     '4.5.1',
53 silly addNameRange     '3.14.0',
53 silly addNameRange     '4.6.0',
53 silly addNameRange     '4.6.1',
53 silly addNameRange     '3.15.0',
53 silly addNameRange     '4.7.0',
53 silly addNameRange     '3.15.1',
53 silly addNameRange     '4.7.1',
53 silly addNameRange     '3.15.2',
53 silly addNameRange     '4.7.2',
53 silly addNameRange     '4.7.3',
53 silly addNameRange     '3.15.3',
53 silly addNameRange     '4.7.4',
53 silly addNameRange     '3.16.0',
53 silly addNameRange     '4.8.0',
53 silly addNameRange     '3.16.1',
53 silly addNameRange     '4.8.1',
53 silly addNameRange     '3.16.2',
53 silly addNameRange     '4.8.2',
53 silly addNameRange     '3.16.3',
53 silly addNameRange     '3.16.4',
53 silly addNameRange     '4.8.3',
53 silly addNameRange     '3.16.5',
53 silly addNameRange     '3.16.6',
53 silly addNameRange     '4.8.4',
53 silly addNameRange     '3.16.7',
53 silly addNameRange     '4.8.5',
53 silly addNameRange     '3.16.8',
53 silly addNameRange     '4.8.6',
53 silly addNameRange     '3.16.9',
53 silly addNameRange     '4.8.7',
53 silly addNameRange     '3.16.10',
53 silly addNameRange     '4.8.8',
53 silly addNameRange     '3.17.0',
53 silly addNameRange     '3.17.1',
53 silly addNameRange     '4.9.0',
53 silly addNameRange     '3.17.2',
53 silly addNameRange     '4.9.1',
53 silly addNameRange     '4.9.2',
53 silly addNameRange     '3.17.3',
53 silly addNameRange     '4.9.3',
53 silly addNameRange     '3.17.4',
53 silly addNameRange     '4.9.4',
53 silly addNameRange     '3.17.5',
53 silly addNameRange     '4.9.5',
53 silly addNameRange     '3.17.6',
53 silly addNameRange     '3.17.7',
53 silly addNameRange     '4.9.6',
53 silly addNameRange     '4.9.7',
53 silly addNameRange     '3.17.8',
53 silly addNameRange     '4.9.8',
53 silly addNameRange     '3.18.0',
53 silly addNameRange     '3.18.1',
53 silly addNameRange     '4.10.0',
53 silly addNameRange     '3.18.2',
53 silly addNameRange     '4.10.1',
53 silly addNameRange     '5.0.0-alpha.1',
53 silly addNameRange     '3.18.3',
53 silly addNameRange     '4.10.2',
53 silly addNameRange     '3.18.4',
53 silly addNameRange     '4.10.3',
53 silly addNameRange     '4.10.4',
53 silly addNameRange     '4.10.5',
53 silly addNameRange     '3.18.5',
53 silly addNameRange     '3.18.6',
53 silly addNameRange     '4.10.6',
53 silly addNameRange     '4.10.7',
53 silly addNameRange     '3.19.0',
53 silly addNameRange     '4.10.8',
53 silly addNameRange     '4.11.0',
53 silly addNameRange     '3.19.1',
53 silly addNameRange     '4.11.1',
53 silly addNameRange     '3.19.2',
53 silly addNameRange     '4.11.2',
53 silly addNameRange     '3.20.0',
53 silly addNameRange     '4.12.0',
53 silly addNameRange     '3.20.1',
53 silly addNameRange     '4.12.1',
53 silly addNameRange     '4.12.2',
53 silly addNameRange     '3.20.2',
53 silly addNameRange     '4.12.3',
53 silly addNameRange     '3.20.3',
53 silly addNameRange     '4.12.4',
53 silly addNameRange     '3.21.0',
53 silly addNameRange     '4.13.0',
53 silly addNameRange     '3.21.1',
53 silly addNameRange     '4.13.1',
53 silly addNameRange     '5.0.0-alpha.2',
53 silly addNameRange     '3.21.2',
53 silly addNameRange     '4.13.2',
53 silly addNameRange     '4.13.3',
53 silly addNameRange     '4.13.4',
53 silly addNameRange     '4.14.0' ] ]
54 silly addNamed express@4.14.0
55 verbose addNamed "4.14.0" is a plain semver version for express
56 silly cache afterAdd express@4.14.0
57 verbose afterAdd /home/aaditya/.npm/express/4.14.0/package/package.json not in flight; writing
58 verbose correctMkdir /home/aaditya/.npm correctMkdir not in flight; initializing
59 verbose afterAdd /home/aaditya/.npm/express/4.14.0/package/package.json written
60 silly fetchNamedPackageData finalhandler
61 silly mapToRegistry name finalhandler
62 silly mapToRegistry using default registry
63 silly mapToRegistry registry https://registry.npmjs.org/
64 silly mapToRegistry data { raw: 'finalhandler',
64 silly mapToRegistry   scope: null,
64 silly mapToRegistry   escapedName: 'finalhandler',
64 silly mapToRegistry   name: 'finalhandler',
64 silly mapToRegistry   rawSpec: '',
64 silly mapToRegistry   spec: 'latest',
64 silly mapToRegistry   type: 'tag' }
65 silly mapToRegistry uri https://registry.npmjs.org/finalhandler
66 silly fetchNamedPackageData qs
67 silly mapToRegistry name qs
68 silly mapToRegistry using default registry
69 silly mapToRegistry registry https://registry.npmjs.org/
70 silly mapToRegistry data { raw: 'qs',
70 silly mapToRegistry   scope: null,
70 silly mapToRegistry   escapedName: 'qs',
70 silly mapToRegistry   name: 'qs',
70 silly mapToRegistry   rawSpec: '',
70 silly mapToRegistry   spec: 'latest',
70 silly mapToRegistry   type: 'tag' }
71 silly mapToRegistry uri https://registry.npmjs.org/qs
72 verbose request uri https://registry.npmjs.org/finalhandler
73 verbose request no auth needed
74 info attempt registry request try #1 at 02:45:11
75 verbose etag "5FDLSMQTIF2RYD3MVFWAHWKH8"
76 http request GET https://registry.npmjs.org/finalhandler
77 verbose request uri https://registry.npmjs.org/qs
78 verbose request no auth needed
79 info attempt registry request try #1 at 02:45:11
80 verbose etag "8UH6IO2E1UQ1THX6E99GTAZ4J"
81 http request GET https://registry.npmjs.org/qs
82 http 304 https://registry.npmjs.org/finalhandler
83 verbose headers { date: 'Sat, 13 Aug 2016 21:15:11 GMT',
83 verbose headers   via: '1.1 varnish',
83 verbose headers   'cache-control': 'max-age=300',
83 verbose headers   etag: '"5FDLSMQTIF2RYD3MVFWAHWKH8"',
83 verbose headers   age: '256',
83 verbose headers   connection: 'keep-alive',
83 verbose headers   'x-served-by': 'cache-sin6921-SIN',
83 verbose headers   'x-cache': 'HIT',
83 verbose headers   'x-cache-hits': '3',
83 verbose headers   'x-timer': 'S1471122911.750923,VS0,VE0',
83 verbose headers   vary: 'Accept-Encoding' }
84 silly get cb [ 304,
84 silly get   { date: 'Sat, 13 Aug 2016 21:15:11 GMT',
84 silly get     via: '1.1 varnish',
84 silly get     'cache-control': 'max-age=300',
84 silly get     etag: '"5FDLSMQTIF2RYD3MVFWAHWKH8"',
84 silly get     age: '256',
84 silly get     connection: 'keep-alive',
84 silly get     'x-served-by': 'cache-sin6921-SIN',
84 silly get     'x-cache': 'HIT',
84 silly get     'x-cache-hits': '3',
84 silly get     'x-timer': 'S1471122911.750923,VS0,VE0',
84 silly get     vary: 'Accept-Encoding' } ]
85 verbose etag https://registry.npmjs.org/finalhandler from cache
86 verbose get saving finalhandler to /home/aaditya/.npm/registry.npmjs.org/finalhandler/.cache.json
87 verbose correctMkdir /home/aaditya/.npm correctMkdir not in flight; initializing
88 silly resolveWithNewModule finalhandler@0.5.0 checking installable status
89 silly cache add args [ 'finalhandler@0.5.0', null ]
90 verbose cache add spec finalhandler@0.5.0
91 silly cache add parsed spec { raw: 'finalhandler@0.5.0',
91 silly cache add   scope: null,
91 silly cache add   escapedName: 'finalhandler',
91 silly cache add   name: 'finalhandler',
91 silly cache add   rawSpec: '0.5.0',
91 silly cache add   spec: '0.5.0',
91 silly cache add   type: 'version' }
92 silly addNamed finalhandler@0.5.0
93 verbose addNamed "0.5.0" is a plain semver version for finalhandler
94 silly mapToRegistry name finalhandler
95 silly mapToRegistry using default registry
96 silly mapToRegistry registry https://registry.npmjs.org/
97 silly mapToRegistry data { raw: 'finalhandler',
97 silly mapToRegistry   scope: null,
97 silly mapToRegistry   escapedName: 'finalhandler',
97 silly mapToRegistry   name: 'finalhandler',
97 silly mapToRegistry   rawSpec: '',
97 silly mapToRegistry   spec: 'latest',
97 silly mapToRegistry   type: 'tag' }
98 silly mapToRegistry uri https://registry.npmjs.org/finalhandler
99 verbose addNameVersion registry:https://registry.npmjs.org/finalhandler not in flight; fetching
100 verbose get https://registry.npmjs.org/finalhandler not expired, no request
101 http 304 https://registry.npmjs.org/qs
102 verbose headers { date: 'Sat, 13 Aug 2016 21:15:11 GMT',
102 verbose headers   via: '1.1 varnish',
102 verbose headers   'cache-control': 'max-age=300',
102 verbose headers   etag: '"8UH6IO2E1UQ1THX6E99GTAZ4J"',
102 verbose headers   age: '33',
102 verbose headers   connection: 'keep-alive',
102 verbose headers   'x-served-by': 'cache-sin6920-SIN',
102 verbose headers   'x-cache': 'HIT',
102 verbose headers   'x-cache-hits': '1',
102 verbose headers   'x-timer': 'S1471122911.788947,VS0,VE0',
102 verbose headers   vary: 'Accept-Encoding' }
103 silly get cb [ 304,
103 silly get   { date: 'Sat, 13 Aug 2016 21:15:11 GMT',
103 silly get     via: '1.1 varnish',
103 silly get     'cache-control': 'max-age=300',
103 silly get     etag: '"8UH6IO2E1UQ1THX6E99GTAZ4J"',
103 silly get     age: '33',
103 silly get     connection: 'keep-alive',
103 silly get     'x-served-by': 'cache-sin6920-SIN',
103 silly get     'x-cache': 'HIT',
103 silly get     'x-cache-hits': '1',
103 silly get     'x-timer': 'S1471122911.788947,VS0,VE0',
103 silly get     vary: 'Accept-Encoding' } ]
104 verbose etag https://registry.npmjs.org/qs from cache
105 verbose get saving qs to /home/aaditya/.npm/registry.npmjs.org/qs/.cache.json
106 verbose correctMkdir /home/aaditya/.npm correctMkdir not in flight; initializing
107 silly cache afterAdd finalhandler@0.5.0
108 verbose afterAdd /home/aaditya/.npm/finalhandler/0.5.0/package/package.json not in flight; writing
109 verbose correctMkdir /home/aaditya/.npm correctMkdir not in flight; initializing
110 verbose afterAdd /home/aaditya/.npm/finalhandler/0.5.0/package/package.json written
111 silly resolveWithNewModule qs@6.2.0 checking installable status
112 silly cache add args [ 'qs@6.2.0', null ]
113 verbose cache add spec qs@6.2.0
114 silly cache add parsed spec { raw: 'qs@6.2.0',
114 silly cache add   scope: null,
114 silly cache add   escapedName: 'qs',
114 silly cache add   name: 'qs',
114 silly cache add   rawSpec: '6.2.0',
114 silly cache add   spec: '6.2.0',
114 silly cache add   type: 'version' }
115 silly addNamed qs@6.2.0
116 verbose addNamed "6.2.0" is a plain semver version for qs
117 silly mapToRegistry name qs
118 silly mapToRegistry using default registry
119 silly mapToRegistry registry https://registry.npmjs.org/
120 silly mapToRegistry data { raw: 'qs',
120 silly mapToRegistry   scope: null,
120 silly mapToRegistry   escapedName: 'qs',
120 silly mapToRegistry   name: 'qs',
120 silly mapToRegistry   rawSpec: '',
120 silly mapToRegistry   spec: 'latest',
120 silly mapToRegistry   type: 'tag' }
121 silly mapToRegistry uri https://registry.npmjs.org/qs
122 verbose addNameVersion registry:https://registry.npmjs.org/qs not in flight; fetching
123 verbose get https://registry.npmjs.org/qs not expired, no request
124 silly cache afterAdd qs@6.2.0
125 verbose afterAdd /home/aaditya/.npm/qs/6.2.0/package/package.json not in flight; writing
126 verbose correctMkdir /home/aaditya/.npm correctMkdir not in flight; initializing
127 verbose afterAdd /home/aaditya/.npm/qs/6.2.0/package/package.json written
128 silly loadAllDepsIntoIdealTree Finishing
129 silly loadIdealTree Finishing
130 silly currentTree pick_the_best_react@1.0.0
130 silly currentTree ├── JSONStream@1.1.4
130 silly currentTree ├── accepts@1.3.3
130 silly currentTree ├── acorn@1.2.2
130 silly currentTree ├── amdefine@1.0.0
130 silly currentTree ├── ansi-regex@2.0.0
130 silly currentTree ├── ansi-styles@2.2.1
130 silly currentTree ├── archy@1.0.0
130 silly currentTree ├── arr-diff@2.0.0
130 silly currentTree ├── arr-flatten@1.0.1
130 silly currentTree ├── array-differ@1.0.0
130 silly currentTree ├── array-filter@0.0.1
130 silly currentTree ├── array-find-index@1.0.1
130 silly currentTree ├── array-flatten@1.1.1
130 silly currentTree ├── array-map@0.0.0
130 silly currentTree ├── array-reduce@0.0.0
130 silly currentTree ├── array-uniq@1.0.3
130 silly currentTree ├── array-unique@0.2.1
130 silly currentTree ├── asap@2.0.4
130 silly currentTree ├── asn1.js@4.8.0
130 silly currentTree ├── asn1@0.2.3
130 silly currentTree ├── assert-plus@0.2.0
130 silly currentTree ├── assert@1.3.0
130 silly currentTree ├── ast-types@0.8.15
130 silly currentTree ├── astw@2.0.0
130 silly currentTree ├── async@1.5.2
130 silly currentTree ├── aws-sign2@0.6.0
130 silly currentTree ├── aws4@1.4.1
130 silly currentTree ├── babel-code-frame@6.11.0
130 silly currentTree ├── babel-core@6.13.2
130 silly currentTree ├── babel-generator@6.11.4
130 silly currentTree ├── babel-helper-builder-react-jsx@6.9.0
130 silly currentTree ├── babel-helpers@6.8.0
130 silly currentTree ├── babel-messages@6.8.0
130 silly currentTree ├── babel-plugin-syntax-flow@6.13.0
130 silly currentTree ├── babel-plugin-syntax-jsx@6.13.0
130 silly currentTree ├── babel-plugin-transform-flow-strip-types@6.8.0
130 silly currentTree ├── babel-plugin-transform-react-display-name@6.8.0
130 silly currentTree ├── babel-plugin-transform-react-jsx-self@6.11.0
130 silly currentTree ├── babel-plugin-transform-react-jsx-source@6.9.0
130 silly currentTree ├── babel-plugin-transform-react-jsx@6.8.0
130 silly currentTree ├── babel-preset-react@6.11.1
130 silly currentTree ├── babel-register@6.11.6
130 silly currentTree ├── babel-runtime@6.11.6
130 silly currentTree ├── babel-template@6.9.0
130 silly currentTree ├── babel-traverse@6.13.0
130 silly currentTree ├── babel-types@6.13.0
130 silly currentTree ├── babelify@7.3.0
130 silly currentTree ├── babylon@6.8.4
130 silly currentTree ├── balanced-match@0.4.2
130 silly currentTree ├── base62@0.1.1
130 silly currentTree ├── base64-js@1.1.2
130 silly currentTree ├── beeper@1.1.0
130 silly currentTree ├─┬ bl@1.1.2
130 silly currentTree │ ├── isarray@1.0.0
130 silly currentTree │ └── readable-stream@2.0.6
130 silly currentTree ├── bn.js@4.11.6
130 silly currentTree ├── boom@2.10.1
130 silly currentTree ├── brace-expansion@1.1.6
130 silly currentTree ├── braces@1.8.5
130 silly currentTree ├── brorand@1.0.5
130 silly currentTree ├── browser-pack@6.0.1
130 silly currentTree ├── browser-resolve@1.11.2
130 silly currentTree ├── browserify-aes@1.0.6
130 silly currentTree ├── browserify-cipher@1.0.0
130 silly currentTree ├── browserify-des@1.0.0
130 silly currentTree ├── browserify-rsa@4.0.1
130 silly currentTree ├── browserify-sign@4.0.0
130 silly currentTree ├── browserify-zlib@0.1.4
130 silly currentTree ├─┬ browserify@13.1.0
130 silly currentTree │ ├── duplexer2@0.1.4
130 silly currentTree │ ├── glob@5.0.15
130 silly currentTree │ ├── isarray@1.0.0
130 silly currentTree │ └── readable-stream@2.1.4
130 silly currentTree ├── buffer-shims@1.0.0
130 silly currentTree ├── buffer-xor@1.0.3
130 silly currentTree ├─┬ buffer@4.9.0
130 silly currentTree │ └── isarray@1.0.0
130 silly currentTree ├── builtin-modules@1.1.1
130 silly currentTree ├── builtin-status-codes@2.0.0
130 silly currentTree ├── camelcase-keys@2.1.0
130 silly currentTree ├── camelcase@2.1.1
130 silly currentTree ├── caseless@0.11.0
130 silly currentTree ├── chalk@1.1.3
130 silly currentTree ├── cipher-base@1.0.2
130 silly currentTree ├── clone-stats@0.0.1
130 silly currentTree ├── clone@1.0.2
130 silly currentTree ├─┬ combine-source-map@0.7.2
130 silly currentTree │ └── convert-source-map@1.1.3
130 silly currentTree ├── combined-stream@1.0.5
130 silly currentTree ├── commander@2.9.0
130 silly currentTree ├─┬ commoner@0.10.4
130 silly currentTree │ └── glob@5.0.15
130 silly currentTree ├── concat-map@0.0.1
130 silly currentTree ├─┬ concat-stream@1.5.1
130 silly currentTree │ ├── isarray@1.0.0
130 silly currentTree │ └── readable-stream@2.0.6
130 silly currentTree ├── connect-livereload@0.5.4
130 silly currentTree ├── connect@3.4.1
130 silly currentTree ├── console-browserify@1.1.0
130 silly currentTree ├── constants-browserify@1.0.0
130 silly currentTree ├── content-disposition@0.5.1
130 silly currentTree ├── content-type@1.0.2
130 silly currentTree ├── convert-source-map@1.3.0
130 silly currentTree ├── cookie-signature@1.0.6
130 silly currentTree ├── cookie@0.3.1
130 silly currentTree ├── core-js@2.4.1
130 silly currentTree ├── core-util-is@1.0.2
130 silly currentTree ├── cors@2.7.1
130 silly currentTree ├── create-ecdh@4.0.0
130 silly currentTree ├── create-hash@1.1.2
130 silly currentTree ├── create-hmac@1.1.4
130 silly currentTree ├── cryptiles@2.0.5
130 silly currentTree ├── crypto-browserify@3.11.0
130 silly currentTree ├── currently-unhandled@0.4.1
130 silly currentTree ├─┬ dashdash@1.14.0
130 silly currentTree │ └── assert-plus@1.0.0
130 silly currentTree ├── date-now@0.1.4
130 silly currentTree ├── dateformat@1.0.12
130 silly currentTree ├── debug@2.2.0
130 silly currentTree ├── decamelize@1.2.0
130 silly currentTree ├── defaults@1.0.3
130 silly currentTree ├── defined@1.0.0
130 silly currentTree ├── delayed-stream@1.0.0
130 silly currentTree ├── depd@1.1.0
130 silly currentTree ├── deprecated@0.0.1
130 silly currentTree ├── deps-sort@2.0.0
130 silly currentTree ├── des.js@1.0.0
130 silly currentTree ├── destroy@1.0.4
130 silly currentTree ├── detect-file@0.1.0
130 silly currentTree ├── detect-indent@3.0.1
130 silly currentTree ├── detective@4.3.1
130 silly currentTree ├── diffie-hellman@5.0.2
130 silly currentTree ├── domain-browser@1.1.7
130 silly currentTree ├── duplexer2@0.0.2
130 silly currentTree ├── ecc-jsbn@0.1.1
130 silly currentTree ├── ee-first@1.1.1
130 silly currentTree ├── elliptic@6.3.1
130 silly currentTree ├── encodeurl@1.0.1
130 silly currentTree ├── encoding@0.1.12
130 silly currentTree ├── end-of-stream@0.1.5
130 silly currentTree ├── error-ex@1.3.0
130 silly currentTree ├── escape-html@1.0.3
130 silly currentTree ├── escape-string-regexp@1.0.5
130 silly currentTree ├── esprima-fb@15001.1001.0-dev-harmony-fb
130 silly currentTree ├── esutils@2.0.2
130 silly currentTree ├── etag@1.7.0
130 silly currentTree ├── events@1.1.1
130 silly currentTree ├── evp_bytestokey@1.0.0
130 silly currentTree ├── expand-brackets@0.1.5
130 silly currentTree ├── expand-range@1.8.2
130 silly currentTree ├── expand-tilde@1.2.2
130 silly currentTree ├── extend@3.0.0
130 silly currentTree ├── extglob@0.3.2
130 silly currentTree ├── extsprintf@1.0.2
130 silly currentTree ├── fancy-log@1.2.0
130 silly currentTree ├─┬ fbjs@0.8.3
130 silly currentTree │ └── core-js@1.2.7
130 silly currentTree ├── filename-regex@2.0.0
130 silly currentTree ├── fill-range@2.2.3
130 silly currentTree ├── finalhandler@0.4.1
130 silly currentTree ├── find-index@0.1.1
130 silly currentTree ├─┬ find-up@1.1.2
130 silly currentTree │ └── path-exists@2.1.0
130 silly currentTree ├── findup-sync@0.4.2
130 silly currentTree ├─┬ fined@1.0.1
130 silly currentTree │ └── lodash.isarray@4.0.0
130 silly currentTree ├── first-chunk-stream@1.0.0
130 silly currentTree ├── flagged-respawn@0.3.2
130 silly currentTree ├── for-in@0.1.5
130 silly currentTree ├── for-own@0.1.4
130 silly currentTree ├── forever-agent@0.6.1
130 silly currentTree ├── form-data@1.0.0-rc4
130 silly currentTree ├── forwarded@0.1.0
130 silly currentTree ├── fresh@0.3.0
130 silly currentTree ├── fs-exists-sync@0.1.0
130 silly currentTree ├── function-bind@1.1.0
130 silly currentTree ├── gaze@0.5.2
130 silly currentTree ├── generate-function@2.0.0
130 silly currentTree ├── generate-object-property@1.2.0
130 silly currentTree ├── get-stdin@4.0.1
130 silly currentTree ├─┬ getpass@0.1.6
130 silly currentTree │ └── assert-plus@1.0.0
130 silly currentTree ├── glob-base@0.3.0
130 silly currentTree ├── glob-parent@2.0.0
130 silly currentTree ├─┬ glob-stream@3.1.18
130 silly currentTree │ ├── minimatch@2.0.10
130 silly currentTree │ ├── readable-stream@1.0.34
130 silly currentTree │ └── through2@0.6.5
130 silly currentTree ├── glob-watcher@0.0.6
130 silly currentTree ├── glob2base@0.0.12
130 silly currentTree ├─┬ glob@4.5.3
130 silly currentTree │ └── minimatch@2.0.10
130 silly currentTree ├── global-modules@0.2.3
130 silly currentTree ├── global-prefix@0.1.4
130 silly currentTree ├── globals@8.18.0
130 silly currentTree ├─┬ globule@0.1.0
130 silly currentTree │ ├── glob@3.1.21
130 silly currentTree │ ├── graceful-fs@1.2.3
130 silly currentTree │ ├── inherits@1.0.2
130 silly currentTree │ ├── lodash@1.0.2
130 silly currentTree │ └── minimatch@0.2.14
130 silly currentTree ├── glogg@1.0.0
130 silly currentTree ├── graceful-fs@4.1.5
130 silly currentTree ├── graceful-readlink@1.0.1
130 silly currentTree ├── gulp-react@3.1.0
130 silly currentTree ├─┬ gulp-util@3.0.7
130 silly currentTree │ └── object-assign@3.0.0
130 silly currentTree ├── gulp@3.9.1
130 silly currentTree ├── gulplog@1.0.0
130 silly currentTree ├── har-validator@2.0.6
130 silly currentTree ├── has-ansi@2.0.0
130 silly currentTree ├── has-gulplog@0.1.0
130 silly currentTree ├── has@1.0.1
130 silly currentTree ├── hash.js@1.0.3
130 silly currentTree ├── hawk@3.1.3
130 silly currentTree ├── hoek@2.16.3
130 silly currentTree ├── home-or-tmp@1.0.0
130 silly currentTree ├── hosted-git-info@2.1.5
130 silly currentTree ├── htmlescape@1.1.1
130 silly currentTree ├── http-errors@1.5.0
130 silly currentTree ├── http-signature@1.1.1
130 silly currentTree ├── https-browserify@0.0.1
130 silly currentTree ├── iconv-lite@0.4.13
130 silly currentTree ├── ieee754@1.1.6
130 silly currentTree ├── immutable@3.8.1
130 silly currentTree ├─┬ indent-string@2.1.0
130 silly currentTree │ └── repeating@2.0.1
130 silly currentTree ├── indexof@0.0.1
130 silly currentTree ├── inflight@1.0.5
130 silly currentTree ├── inherits@2.0.1
130 silly currentTree ├── ini@1.3.4
130 silly currentTree ├── inline-source-map@0.6.2
130 silly currentTree ├── insert-module-globals@7.0.1
130 silly currentTree ├── interpret@1.0.1
130 silly currentTree ├── invariant@2.2.1
130 silly currentTree ├── ipaddr.js@1.1.1
130 silly currentTree ├─┬ is-absolute@0.2.5
130 silly currentTree │ └── is-windows@0.1.1
130 silly currentTree ├── is-arrayish@0.2.1
130 silly currentTree ├── is-buffer@1.1.4
130 silly currentTree ├── is-builtin-module@1.0.0
130 silly currentTree ├── is-dotfile@1.0.2
130 silly currentTree ├── is-equal-shallow@0.1.3
130 silly currentTree ├── is-extendable@0.1.1
130 silly currentTree ├── is-extglob@1.0.0
130 silly currentTree ├── is-finite@1.0.1
130 silly currentTree ├── is-glob@2.0.1
130 silly currentTree ├── is-my-json-valid@2.13.1
130 silly currentTree ├── is-number@2.1.0
130 silly currentTree ├── is-posix-bracket@0.1.1
130 silly currentTree ├── is-primitive@2.0.0
130 silly currentTree ├── is-property@1.0.2
130 silly currentTree ├── is-relative@0.2.1
130 silly currentTree ├── is-stream@1.1.0
130 silly currentTree ├── is-typedarray@1.0.0
130 silly currentTree ├── is-unc-path@0.1.1
130 silly currentTree ├── is-utf8@0.2.1
130 silly currentTree ├── is-windows@0.2.0
130 silly currentTree ├── isarray@0.0.1
130 silly currentTree ├── isexe@1.1.2
130 silly currentTree ├─┬ isobject@2.1.0
130 silly currentTree │ └── isarray@1.0.0
130 silly currentTree ├── isomorphic-fetch@2.2.1
130 silly currentTree ├── isstream@0.1.2
130 silly currentTree ├── jodid25519@1.0.2
130 silly currentTree ├── js-tokens@2.0.0
130 silly currentTree ├── jsbn@0.1.0
130 silly currentTree ├── json-schema@0.2.2
130 silly currentTree ├── json-stable-stringify@0.0.1
130 silly currentTree ├── json-stringify-safe@5.0.1
130 silly currentTree ├── json5@0.4.0
130 silly currentTree ├── jsonify@0.0.0
130 silly currentTree ├── jsonparse@1.2.0
130 silly currentTree ├── jsonpointer@2.0.0
130 silly currentTree ├── jsprim@1.3.0
130 silly currentTree ├─┬ jstransform@10.1.0
130 silly currentTree │ ├── esprima-fb@13001.1001.0-dev-harmony-fb
130 silly currentTree │ └── source-map@0.1.31
130 silly currentTree ├── kind-of@3.0.4
130 silly currentTree ├── labeled-stream-splicer@2.0.0
130 silly currentTree ├── lexical-scope@1.2.0
130 silly currentTree ├── liftoff@2.3.0
130 silly currentTree ├── load-json-file@1.1.0
130 silly currentTree ├── lodash._basecopy@3.0.1
130 silly currentTree ├── lodash._basetostring@3.0.1
130 silly currentTree ├── lodash._basevalues@3.0.0
130 silly currentTree ├── lodash._getnative@3.9.1
130 silly currentTree ├── lodash._isiterateecall@3.0.9
130 silly currentTree ├── lodash._reescape@3.0.0
130 silly currentTree ├── lodash._reevaluate@3.0.0
130 silly currentTree ├── lodash._reinterpolate@3.0.0
130 silly currentTree ├── lodash._root@3.0.1
130 silly currentTree ├── lodash.assignwith@4.2.0
130 silly currentTree ├── lodash.escape@3.2.0
130 silly currentTree ├── lodash.isarguments@3.1.0
130 silly currentTree ├── lodash.isarray@3.0.4
130 silly currentTree ├── lodash.isempty@4.4.0
130 silly currentTree ├── lodash.isplainobject@4.0.6
130 silly currentTree ├── lodash.isstring@4.0.1
130 silly currentTree ├── lodash.keys@3.1.2
130 silly currentTree ├── lodash.mapvalues@4.6.0
130 silly currentTree ├── lodash.memoize@3.0.4
130 silly currentTree ├── lodash.pick@4.4.0
130 silly currentTree ├── lodash.restparam@3.6.1
130 silly currentTree ├── lodash.template@3.6.2
130 silly currentTree ├── lodash.templatesettings@3.1.1
130 silly currentTree ├── lodash@4.15.0
130 silly currentTree ├─┬ loose-envify@1.2.0
130 silly currentTree │ └── js-tokens@1.0.3
130 silly currentTree ├── loud-rejection@1.6.0
130 silly currentTree ├── lru-cache@2.7.3
130 silly currentTree ├── map-cache@0.2.2
130 silly currentTree ├── map-obj@1.0.1
130 silly currentTree ├── media-typer@0.3.0
130 silly currentTree ├── meow@3.7.0
130 silly currentTree ├── merge-descriptors@1.0.1
130 silly currentTree ├── methods@1.1.2
130 silly currentTree ├── micromatch@2.3.11
130 silly currentTree ├── miller-rabin@4.0.0
130 silly currentTree ├── mime-db@1.23.0
130 silly currentTree ├── mime-types@2.1.11
130 silly currentTree ├── mime@1.3.4
130 silly currentTree ├── minimalistic-assert@1.0.0
130 silly currentTree ├── minimatch@3.0.3
130 silly currentTree ├── minimist@1.2.0
130 silly currentTree ├─┬ mkdirp@0.5.1
130 silly currentTree │ └── minimist@0.0.8
130 silly currentTree ├─┬ module-deps@4.0.7
130 silly currentTree │ ├── duplexer2@0.1.4
130 silly currentTree │ ├── isarray@1.0.0
130 silly currentTree │ └── readable-stream@2.1.4
130 silly currentTree ├── ms@0.7.1
130 silly currentTree ├── multipipe@0.1.2
130 silly currentTree ├── negotiator@0.6.1
130 silly currentTree ├── node-fetch@1.6.0
130 silly currentTree ├── node-uuid@1.4.7
130 silly currentTree ├── normalize-package-data@2.3.5
130 silly currentTree ├── normalize-path@2.0.1
130 silly currentTree ├── number-is-nan@1.0.0
130 silly currentTree ├── oauth-sign@0.8.2
130 silly currentTree ├── oauth@0.9.14
130 silly currentTree ├── object-assign@4.1.0
130 silly currentTree ├── object.omit@2.0.0
130 silly currentTree ├── on-finished@2.3.0
130 silly currentTree ├── once@1.3.3
130 silly currentTree ├── orchestrator@0.3.7
130 silly currentTree ├── ordered-read-streams@0.1.0
130 silly currentTree ├── os-browserify@0.1.2
130 silly currentTree ├── os-homedir@1.0.1
130 silly currentTree ├── os-tmpdir@1.0.1
130 silly currentTree ├── osenv@0.1.3
130 silly currentTree ├── pako@0.2.9
130 silly currentTree ├── parents@1.0.1
130 silly currentTree ├── parse-asn1@5.0.0
130 silly currentTree ├── parse-filepath@1.0.1
130 silly currentTree ├── parse-glob@3.0.4
130 silly currentTree ├── parse-json@2.2.0
130 silly currentTree ├── parseurl@1.3.1
130 silly currentTree ├── path-browserify@0.0.0
130 silly currentTree ├── path-exists@1.0.0
130 silly currentTree ├── path-is-absolute@1.0.0
130 silly currentTree ├── path-platform@0.11.15
130 silly currentTree ├── path-root-regex@0.1.2
130 silly currentTree ├── path-root@0.1.1
130 silly currentTree ├── path-to-regexp@0.1.7
130 silly currentTree ├── path-type@1.1.0
130 silly currentTree ├── path@0.12.7
130 silly currentTree ├── pbkdf2@3.0.4
130 silly currentTree ├── pify@2.3.0
130 silly currentTree ├── pinkie-promise@2.0.1
130 silly currentTree ├── pinkie@2.0.4
130 silly currentTree ├── preserve@0.2.0
130 silly currentTree ├── pretty-hrtime@1.0.2
130 silly currentTree ├── private@0.1.6
130 silly currentTree ├── process-nextick-args@1.0.7
130 silly currentTree ├── process@0.11.8
130 silly currentTree ├── promise@7.1.1
130 silly currentTree ├── proxy-addr@1.1.2
130 silly currentTree ├── public-encrypt@4.0.0
130 silly currentTree ├── punycode@1.4.1
130 silly currentTree ├── q@1.4.1
130 silly currentTree ├── qs@6.2.1
130 silly currentTree ├── querystring-es3@0.2.1
130 silly currentTree ├── querystring@0.2.0
130 silly currentTree ├── randomatic@1.1.5
130 silly currentTree ├── randombytes@2.0.3
130 silly currentTree ├── range-parser@1.2.0
130 silly currentTree ├── react-dom@15.3.0
130 silly currentTree ├── react-tools@0.13.3
130 silly currentTree ├── react@15.3.0
130 silly currentTree ├── reactify@1.1.1
130 silly currentTree ├─┬ read-only-stream@2.0.0
130 silly currentTree │ ├── isarray@1.0.0
130 silly currentTree │ └── readable-stream@2.1.4
130 silly currentTree ├── read-pkg-up@1.0.1
130 silly currentTree ├── read-pkg@1.1.0
130 silly currentTree ├── readable-stream@1.1.14
130 silly currentTree ├── recast@0.10.43
130 silly currentTree ├── rechoir@0.6.2
130 silly currentTree ├── redent@1.0.0
130 silly currentTree ├── regenerator-runtime@0.9.5
130 silly currentTree ├── regex-cache@0.4.3
130 silly currentTree ├── repeat-element@1.1.2
130 silly currentTree ├── repeat-string@1.5.4
130 silly currentTree ├── repeating@1.1.3
130 silly currentTree ├── replace-ext@0.0.1
130 silly currentTree ├── request@2.74.0
130 silly currentTree ├── resolve-dir@0.1.1
130 silly currentTree ├── resolve@1.1.7
130 silly currentTree ├── ripemd160@1.0.1
130 silly currentTree ├── semver@4.3.6
130 silly currentTree ├── send@0.14.1
130 silly currentTree ├── sequencify@0.0.7
130 silly currentTree ├── serve-static@1.11.1
130 silly currentTree ├── setprototypeof@1.0.1
130 silly currentTree ├── sha.js@2.4.5
130 silly currentTree ├── shasum@1.0.2
130 silly currentTree ├── shebang-regex@1.0.0
130 silly currentTree ├── shell-quote@1.6.1
130 silly currentTree ├── sigmund@1.0.1
130 silly currentTree ├── signal-exit@3.0.0
130 silly currentTree ├── slash@1.0.0
130 silly currentTree ├── sntp@1.0.9
130 silly currentTree ├─┬ source-map-support@0.2.10
130 silly currentTree │ └── source-map@0.1.32
130 silly currentTree ├── source-map@0.5.6
130 silly currentTree ├── sparkles@1.0.0
130 silly currentTree ├── spdx-correct@1.0.2
130 silly currentTree ├── spdx-exceptions@1.0.5
130 silly currentTree ├── spdx-expression-parse@1.0.2
130 silly currentTree ├── spdx-license-ids@1.2.2
130 silly currentTree ├─┬ sshpk@1.9.2
130 silly currentTree │ └── assert-plus@1.0.0
130 silly currentTree ├── statuses@1.3.0
130 silly currentTree ├─┬ stream-browserify@2.0.1
130 silly currentTree │ ├── isarray@1.0.0
130 silly currentTree │ └── readable-stream@2.1.4
130 silly currentTree ├─┬ stream-combiner2@1.1.1
130 silly currentTree │ ├── duplexer2@0.1.4
130 silly currentTree │ ├── isarray@1.0.0
130 silly currentTree │ └── readable-stream@2.1.4
130 silly currentTree ├── stream-consume@0.1.0
130 silly currentTree ├─┬ stream-http@2.3.1
130 silly currentTree │ ├── isarray@1.0.0
130 silly currentTree │ └── readable-stream@2.1.4
130 silly currentTree ├─┬ stream-splicer@2.0.0
130 silly currentTree │ ├── isarray@1.0.0
130 silly currentTree │ └── readable-stream@2.1.4
130 silly currentTree ├── string_decoder@0.10.31
130 silly currentTree ├── stringstream@0.0.5
130 silly currentTree ├── strip-ansi@3.0.1
130 silly currentTree ├── strip-bom@2.0.0
130 silly currentTree ├── strip-indent@1.0.1
130 silly currentTree ├── subarg@1.0.0
130 silly currentTree ├── supports-color@2.0.0
130 silly currentTree ├─┬ syntax-error@1.1.6
130 silly currentTree │ └── acorn@2.7.0
130 silly currentTree ├─┬ through2@2.0.1
130 silly currentTree │ ├── isarray@1.0.0
130 silly currentTree │ └── readable-stream@2.0.6
130 silly currentTree ├── through@2.3.8
130 silly currentTree ├── tildify@1.2.0
130 silly currentTree ├── time-stamp@1.0.1
130 silly currentTree ├── timers-browserify@1.4.2
130 silly currentTree ├── to-arraybuffer@1.0.1
130 silly currentTree ├── to-fast-properties@1.0.2
130 silly currentTree ├── tough-cookie@2.3.1
130 silly currentTree ├── trim-newlines@1.0.0
130 silly currentTree ├── tty-browserify@0.0.0
130 silly currentTree ├── tunnel-agent@0.4.3
130 silly currentTree ├── tweetnacl@0.13.3
130 silly currentTree ├── type-is@1.6.13
130 silly currentTree ├── typedarray@0.0.6
130 silly currentTree ├── ua-parser-js@0.7.10
130 silly currentTree ├── umd@3.0.1
130 silly currentTree ├── unc-path-regex@0.1.2
130 silly currentTree ├── unique-stream@1.0.0
130 silly currentTree ├── unpipe@1.0.0
130 silly currentTree ├─┬ url@0.11.0
130 silly currentTree │ └── punycode@1.3.2
130 silly currentTree ├── user-home@1.1.1
130 silly currentTree ├── util-deprecate@1.0.2
130 silly currentTree ├── util@0.10.3
130 silly currentTree ├── utils-merge@1.0.0
130 silly currentTree ├── v8flags@2.0.11
130 silly currentTree ├── validate-npm-package-license@3.0.1
130 silly currentTree ├── vary@1.1.0
130 silly currentTree ├── verror@1.3.6
130 silly currentTree ├─┬ vinyl-fs@0.3.14
130 silly currentTree │ ├── clone@0.2.0
130 silly currentTree │ ├── graceful-fs@3.0.9
130 silly currentTree │ ├── readable-stream@1.0.34
130 silly currentTree │ ├── strip-bom@1.0.0
130 silly currentTree │ ├── through2@0.6.5
130 silly currentTree │ └── vinyl@0.4.6
130 silly currentTree ├─┬ vinyl-source-stream@1.1.0
130 silly currentTree │ ├── clone@0.2.0
130 silly currentTree │ ├── readable-stream@1.0.34
130 silly currentTree │ ├── through2@0.6.5
130 silly currentTree │ └── vinyl@0.4.6
130 silly currentTree ├── vinyl-sourcemaps-apply@0.2.1
130 silly currentTree ├── vinyl@0.5.3
130 silly currentTree ├── vm-browserify@0.0.4
130 silly currentTree ├── whatwg-fetch@1.0.0
130 silly currentTree ├── which@1.2.10
130 silly currentTree ├── wrappy@1.0.2
130 silly currentTree └── xtend@4.0.1
131 silly idealTree pick_the_best_react@1.0.0
131 silly idealTree ├── JSONStream@1.1.4
131 silly idealTree ├── accepts@1.3.3
131 silly idealTree ├── acorn@1.2.2
131 silly idealTree ├── amdefine@1.0.0
131 silly idealTree ├── ansi-regex@2.0.0
131 silly idealTree ├── ansi-styles@2.2.1
131 silly idealTree ├── archy@1.0.0
131 silly idealTree ├── arr-diff@2.0.0
131 silly idealTree ├── arr-flatten@1.0.1
131 silly idealTree ├── array-differ@1.0.0
131 silly idealTree ├── array-filter@0.0.1
131 silly idealTree ├── array-find-index@1.0.1
131 silly idealTree ├── array-flatten@1.1.1
131 silly idealTree ├── array-map@0.0.0
131 silly idealTree ├── array-reduce@0.0.0
131 silly idealTree ├── array-uniq@1.0.3
131 silly idealTree ├── array-unique@0.2.1
131 silly idealTree ├── asap@2.0.4
131 silly idealTree ├── asn1.js@4.8.0
131 silly idealTree ├── asn1@0.2.3
131 silly idealTree ├── assert-plus@0.2.0
131 silly idealTree ├── assert@1.3.0
131 silly idealTree ├── ast-types@0.8.15
131 silly idealTree ├── astw@2.0.0
131 silly idealTree ├── async@1.5.2
131 silly idealTree ├── aws-sign2@0.6.0
131 silly idealTree ├── aws4@1.4.1
131 silly idealTree ├── babel-code-frame@6.11.0
131 silly idealTree ├── babel-core@6.13.2
131 silly idealTree ├── babel-generator@6.11.4
131 silly idealTree ├── babel-helper-builder-react-jsx@6.9.0
131 silly idealTree ├── babel-helpers@6.8.0
131 silly idealTree ├── babel-messages@6.8.0
131 silly idealTree ├── babel-plugin-syntax-flow@6.13.0
131 silly idealTree ├── babel-plugin-syntax-jsx@6.13.0
131 silly idealTree ├── babel-plugin-transform-flow-strip-types@6.8.0
131 silly idealTree ├── babel-plugin-transform-react-display-name@6.8.0
131 silly idealTree ├── babel-plugin-transform-react-jsx-self@6.11.0
131 silly idealTree ├── babel-plugin-transform-react-jsx-source@6.9.0
131 silly idealTree ├── babel-plugin-transform-react-jsx@6.8.0
131 silly idealTree ├── babel-preset-react@6.11.1
131 silly idealTree ├── babel-register@6.11.6
131 silly idealTree ├── babel-runtime@6.11.6
131 silly idealTree ├── babel-template@6.9.0
131 silly idealTree ├── babel-traverse@6.13.0
131 silly idealTree ├── babel-types@6.13.0
131 silly idealTree ├── babelify@7.3.0
131 silly idealTree ├── babylon@6.8.4
131 silly idealTree ├── balanced-match@0.4.2
131 silly idealTree ├── base62@0.1.1
131 silly idealTree ├── base64-js@1.1.2
131 silly idealTree ├── beeper@1.1.0
131 silly idealTree ├─┬ bl@1.1.2
131 silly idealTree │ ├── isarray@1.0.0
131 silly idealTree │ └── readable-stream@2.0.6
131 silly idealTree ├── bn.js@4.11.6
131 silly idealTree ├── boom@2.10.1
131 silly idealTree ├── brace-expansion@1.1.6
131 silly idealTree ├── braces@1.8.5
131 silly idealTree ├── brorand@1.0.5
131 silly idealTree ├── browser-pack@6.0.1
131 silly idealTree ├── browser-resolve@1.11.2
131 silly idealTree ├── browserify-aes@1.0.6
131 silly idealTree ├── browserify-cipher@1.0.0
131 silly idealTree ├── browserify-des@1.0.0
131 silly idealTree ├── browserify-rsa@4.0.1
131 silly idealTree ├── browserify-sign@4.0.0
131 silly idealTree ├── browserify-zlib@0.1.4
131 silly idealTree ├─┬ browserify@13.1.0
131 silly idealTree │ ├── duplexer2@0.1.4
131 silly idealTree │ ├── glob@5.0.15
131 silly idealTree │ ├── isarray@1.0.0
131 silly idealTree │ └── readable-stream@2.1.4
131 silly idealTree ├── buffer-shims@1.0.0
131 silly idealTree ├── buffer-xor@1.0.3
131 silly idealTree ├─┬ buffer@4.9.0
131 silly idealTree │ └── isarray@1.0.0
131 silly idealTree ├── builtin-modules@1.1.1
131 silly idealTree ├── builtin-status-codes@2.0.0
131 silly idealTree ├── camelcase-keys@2.1.0
131 silly idealTree ├── camelcase@2.1.1
131 silly idealTree ├── caseless@0.11.0
131 silly idealTree ├── chalk@1.1.3
131 silly idealTree ├── cipher-base@1.0.2
131 silly idealTree ├── clone-stats@0.0.1
131 silly idealTree ├── clone@1.0.2
131 silly idealTree ├─┬ combine-source-map@0.7.2
131 silly idealTree │ └── convert-source-map@1.1.3
131 silly idealTree ├── combined-stream@1.0.5
131 silly idealTree ├── commander@2.9.0
131 silly idealTree ├─┬ commoner@0.10.4
131 silly idealTree │ └── glob@5.0.15
131 silly idealTree ├── concat-map@0.0.1
131 silly idealTree ├─┬ concat-stream@1.5.1
131 silly idealTree │ ├── isarray@1.0.0
131 silly idealTree │ └── readable-stream@2.0.6
131 silly idealTree ├── connect-livereload@0.5.4
131 silly idealTree ├── connect@3.4.1
131 silly idealTree ├── console-browserify@1.1.0
131 silly idealTree ├── constants-browserify@1.0.0
131 silly idealTree ├── content-disposition@0.5.1
131 silly idealTree ├── content-type@1.0.2
131 silly idealTree ├── convert-source-map@1.3.0
131 silly idealTree ├── cookie-signature@1.0.6
131 silly idealTree ├── cookie@0.3.1
131 silly idealTree ├── core-js@2.4.1
131 silly idealTree ├── core-util-is@1.0.2
131 silly idealTree ├── cors@2.7.1
131 silly idealTree ├── create-ecdh@4.0.0
131 silly idealTree ├── create-hash@1.1.2
131 silly idealTree ├── create-hmac@1.1.4
131 silly idealTree ├── cryptiles@2.0.5
131 silly idealTree ├── crypto-browserify@3.11.0
131 silly idealTree ├── currently-unhandled@0.4.1
131 silly idealTree ├─┬ dashdash@1.14.0
131 silly idealTree │ └── assert-plus@1.0.0
131 silly idealTree ├── date-now@0.1.4
131 silly idealTree ├── dateformat@1.0.12
131 silly idealTree ├── debug@2.2.0
131 silly idealTree ├── decamelize@1.2.0
131 silly idealTree ├── defaults@1.0.3
131 silly idealTree ├── defined@1.0.0
131 silly idealTree ├── delayed-stream@1.0.0
131 silly idealTree ├── depd@1.1.0
131 silly idealTree ├── deprecated@0.0.1
131 silly idealTree ├── deps-sort@2.0.0
131 silly idealTree ├── des.js@1.0.0
131 silly idealTree ├── destroy@1.0.4
131 silly idealTree ├── detect-file@0.1.0
131 silly idealTree ├── detect-indent@3.0.1
131 silly idealTree ├── detective@4.3.1
131 silly idealTree ├── diffie-hellman@5.0.2
131 silly idealTree ├── domain-browser@1.1.7
131 silly idealTree ├── duplexer2@0.0.2
131 silly idealTree ├── ecc-jsbn@0.1.1
131 silly idealTree ├── ee-first@1.1.1
131 silly idealTree ├── elliptic@6.3.1
131 silly idealTree ├── encodeurl@1.0.1
131 silly idealTree ├── encoding@0.1.12
131 silly idealTree ├── end-of-stream@0.1.5
131 silly idealTree ├── error-ex@1.3.0
131 silly idealTree ├── escape-html@1.0.3
131 silly idealTree ├── escape-string-regexp@1.0.5
131 silly idealTree ├── esprima-fb@15001.1001.0-dev-harmony-fb
131 silly idealTree ├── esutils@2.0.2
131 silly idealTree ├── etag@1.7.0
131 silly idealTree ├── events@1.1.1
131 silly idealTree ├── evp_bytestokey@1.0.0
131 silly idealTree ├── expand-brackets@0.1.5
131 silly idealTree ├── expand-range@1.8.2
131 silly idealTree ├── expand-tilde@1.2.2
131 silly idealTree ├─┬ express@4.14.0
131 silly idealTree │ ├── finalhandler@0.5.0
131 silly idealTree │ └── qs@6.2.0
131 silly idealTree ├── extend@3.0.0
131 silly idealTree ├── extglob@0.3.2
131 silly idealTree ├── extsprintf@1.0.2
131 silly idealTree ├── fancy-log@1.2.0
131 silly idealTree ├─┬ fbjs@0.8.3
131 silly idealTree │ └── core-js@1.2.7
131 silly idealTree ├── filename-regex@2.0.0
131 silly idealTree ├── fill-range@2.2.3
131 silly idealTree ├── finalhandler@0.4.1
131 silly idealTree ├── find-index@0.1.1
131 silly idealTree ├─┬ find-up@1.1.2
131 silly idealTree │ └── path-exists@2.1.0
131 silly idealTree ├── findup-sync@0.4.2
131 silly idealTree ├─┬ fined@1.0.1
131 silly idealTree │ └── lodash.isarray@4.0.0
131 silly idealTree ├── first-chunk-stream@1.0.0
131 silly idealTree ├── flagged-respawn@0.3.2
131 silly idealTree ├── for-in@0.1.5
131 silly idealTree ├── for-own@0.1.4
131 silly idealTree ├── forever-agent@0.6.1
131 silly idealTree ├── form-data@1.0.0-rc4
131 silly idealTree ├── forwarded@0.1.0
131 silly idealTree ├── fresh@0.3.0
131 silly idealTree ├── fs-exists-sync@0.1.0
131 silly idealTree ├── function-bind@1.1.0
131 silly idealTree ├── gaze@0.5.2
131 silly idealTree ├── generate-function@2.0.0
131 silly idealTree ├── generate-object-property@1.2.0
131 silly idealTree ├── get-stdin@4.0.1
131 silly idealTree ├─┬ getpass@0.1.6
131 silly idealTree │ └── assert-plus@1.0.0
131 silly idealTree ├── glob-base@0.3.0
131 silly idealTree ├── glob-parent@2.0.0
131 silly idealTree ├─┬ glob-stream@3.1.18
131 silly idealTree │ ├── minimatch@2.0.10
131 silly idealTree │ ├── readable-stream@1.0.34
131 silly idealTree │ └── through2@0.6.5
131 silly idealTree ├── glob-watcher@0.0.6
131 silly idealTree ├── glob2base@0.0.12
131 silly idealTree ├─┬ glob@4.5.3
131 silly idealTree │ └── minimatch@2.0.10
131 silly idealTree ├── global-modules@0.2.3
131 silly idealTree ├── global-prefix@0.1.4
131 silly idealTree ├── globals@8.18.0
131 silly idealTree ├─┬ globule@0.1.0
131 silly idealTree │ ├── glob@3.1.21
131 silly idealTree │ ├── graceful-fs@1.2.3
131 silly idealTree │ ├── inherits@1.0.2
131 silly idealTree │ ├── lodash@1.0.2
131 silly idealTree │ └── minimatch@0.2.14
131 silly idealTree ├── glogg@1.0.0
131 silly idealTree ├── graceful-fs@4.1.5
131 silly idealTree ├── graceful-readlink@1.0.1
131 silly idealTree ├── gulp-react@3.1.0
131 silly idealTree ├─┬ gulp-util@3.0.7
131 silly idealTree │ └── object-assign@3.0.0
131 silly idealTree ├── gulp@3.9.1
131 silly idealTree ├── gulplog@1.0.0
131 silly idealTree ├── har-validator@2.0.6
131 silly idealTree ├── has-ansi@2.0.0
131 silly idealTree ├── has-gulplog@0.1.0
131 silly idealTree ├── has@1.0.1
131 silly idealTree ├── hash.js@1.0.3
131 silly idealTree ├── hawk@3.1.3
131 silly idealTree ├── hoek@2.16.3
131 silly idealTree ├── home-or-tmp@1.0.0
131 silly idealTree ├── hosted-git-info@2.1.5
131 silly idealTree ├── htmlescape@1.1.1
131 silly idealTree ├── http-errors@1.5.0
131 silly idealTree ├── http-signature@1.1.1
131 silly idealTree ├── https-browserify@0.0.1
131 silly idealTree ├── iconv-lite@0.4.13
131 silly idealTree ├── ieee754@1.1.6
131 silly idealTree ├── immutable@3.8.1
131 silly idealTree ├─┬ indent-string@2.1.0
131 silly idealTree │ └── repeating@2.0.1
131 silly idealTree ├── indexof@0.0.1
131 silly idealTree ├── inflight@1.0.5
131 silly idealTree ├── inherits@2.0.1
131 silly idealTree ├── ini@1.3.4
131 silly idealTree ├── inline-source-map@0.6.2
131 silly idealTree ├── insert-module-globals@7.0.1
131 silly idealTree ├── interpret@1.0.1
131 silly idealTree ├── invariant@2.2.1
131 silly idealTree ├── ipaddr.js@1.1.1
131 silly idealTree ├─┬ is-absolute@0.2.5
131 silly idealTree │ └── is-windows@0.1.1
131 silly idealTree ├── is-arrayish@0.2.1
131 silly idealTree ├── is-buffer@1.1.4
131 silly idealTree ├── is-builtin-module@1.0.0
131 silly idealTree ├── is-dotfile@1.0.2
131 silly idealTree ├── is-equal-shallow@0.1.3
131 silly idealTree ├── is-extendable@0.1.1
131 silly idealTree ├── is-extglob@1.0.0
131 silly idealTree ├── is-finite@1.0.1
131 silly idealTree ├── is-glob@2.0.1
131 silly idealTree ├── is-my-json-valid@2.13.1
131 silly idealTree ├── is-number@2.1.0
131 silly idealTree ├── is-posix-bracket@0.1.1
131 silly idealTree ├── is-primitive@2.0.0
131 silly idealTree ├── is-property@1.0.2
131 silly idealTree ├── is-relative@0.2.1
131 silly idealTree ├── is-stream@1.1.0
131 silly idealTree ├── is-typedarray@1.0.0
131 silly idealTree ├── is-unc-path@0.1.1
131 silly idealTree ├── is-utf8@0.2.1
131 silly idealTree ├── is-windows@0.2.0
131 silly idealTree ├── isarray@0.0.1
131 silly idealTree ├── isexe@1.1.2
131 silly idealTree ├─┬ isobject@2.1.0
131 silly idealTree │ └── isarray@1.0.0
131 silly idealTree ├── isomorphic-fetch@2.2.1
131 silly idealTree ├── isstream@0.1.2
131 silly idealTree ├── jodid25519@1.0.2
131 silly idealTree ├── js-tokens@2.0.0
131 silly idealTree ├── jsbn@0.1.0
131 silly idealTree ├── json-schema@0.2.2
131 silly idealTree ├── json-stable-stringify@0.0.1
131 silly idealTree ├── json-stringify-safe@5.0.1
131 silly idealTree ├── json5@0.4.0
131 silly idealTree ├── jsonify@0.0.0
131 silly idealTree ├── jsonparse@1.2.0
131 silly idealTree ├── jsonpointer@2.0.0
131 silly idealTree ├── jsprim@1.3.0
131 silly idealTree ├─┬ jstransform@10.1.0
131 silly idealTree │ ├── esprima-fb@13001.1001.0-dev-harmony-fb
131 silly idealTree │ └── source-map@0.1.31
131 silly idealTree ├── kind-of@3.0.4
131 silly idealTree ├── labeled-stream-splicer@2.0.0
131 silly idealTree ├── lexical-scope@1.2.0
131 silly idealTree ├── liftoff@2.3.0
131 silly idealTree ├── load-json-file@1.1.0
131 silly idealTree ├── lodash._basecopy@3.0.1
131 silly idealTree ├── lodash._basetostring@3.0.1
131 silly idealTree ├── lodash._basevalues@3.0.0
131 silly idealTree ├── lodash._getnative@3.9.1
131 silly idealTree ├── lodash._isiterateecall@3.0.9
131 silly idealTree ├── lodash._reescape@3.0.0
131 silly idealTree ├── lodash._reevaluate@3.0.0
131 silly idealTree ├── lodash._reinterpolate@3.0.0
131 silly idealTree ├── lodash._root@3.0.1
131 silly idealTree ├── lodash.assignwith@4.2.0
131 silly idealTree ├── lodash.escape@3.2.0
131 silly idealTree ├── lodash.isarguments@3.1.0
131 silly idealTree ├── lodash.isarray@3.0.4
131 silly idealTree ├── lodash.isempty@4.4.0
131 silly idealTree ├── lodash.isplainobject@4.0.6
131 silly idealTree ├── lodash.isstring@4.0.1
131 silly idealTree ├── lodash.keys@3.1.2
131 silly idealTree ├── lodash.mapvalues@4.6.0
131 silly idealTree ├── lodash.memoize@3.0.4
131 silly idealTree ├── lodash.pick@4.4.0
131 silly idealTree ├── lodash.restparam@3.6.1
131 silly idealTree ├── lodash.template@3.6.2
131 silly idealTree ├── lodash.templatesettings@3.1.1
131 silly idealTree ├── lodash@4.15.0
131 silly idealTree ├─┬ loose-envify@1.2.0
131 silly idealTree │ └── js-tokens@1.0.3
131 silly idealTree ├── loud-rejection@1.6.0
131 silly idealTree ├── lru-cache@2.7.3
131 silly idealTree ├── map-cache@0.2.2
131 silly idealTree ├── map-obj@1.0.1
131 silly idealTree ├── media-typer@0.3.0
131 silly idealTree ├── meow@3.7.0
131 silly idealTree ├── merge-descriptors@1.0.1
131 silly idealTree ├── methods@1.1.2
131 silly idealTree ├── micromatch@2.3.11
131 silly idealTree ├── miller-rabin@4.0.0
131 silly idealTree ├── mime-db@1.23.0
131 silly idealTree ├── mime-types@2.1.11
131 silly idealTree ├── mime@1.3.4
131 silly idealTree ├── minimalistic-assert@1.0.0
131 silly idealTree ├── minimatch@3.0.3
131 silly idealTree ├── minimist@1.2.0
131 silly idealTree ├─┬ mkdirp@0.5.1
131 silly idealTree │ └── minimist@0.0.8
131 silly idealTree ├─┬ module-deps@4.0.7
131 silly idealTree │ ├── duplexer2@0.1.4
131 silly idealTree │ ├── isarray@1.0.0
131 silly idealTree │ └── readable-stream@2.1.4
131 silly idealTree ├── ms@0.7.1
131 silly idealTree ├── multipipe@0.1.2
131 silly idealTree ├── negotiator@0.6.1
131 silly idealTree ├── node-fetch@1.6.0
131 silly idealTree ├── node-uuid@1.4.7
131 silly idealTree ├── normalize-package-data@2.3.5
131 silly idealTree ├── normalize-path@2.0.1
131 silly idealTree ├── number-is-nan@1.0.0
131 silly idealTree ├── oauth-sign@0.8.2
131 silly idealTree ├── oauth@0.9.14
131 silly idealTree ├── object-assign@4.1.0
131 silly idealTree ├── object.omit@2.0.0
131 silly idealTree ├── on-finished@2.3.0
131 silly idealTree ├── once@1.3.3
131 silly idealTree ├── orchestrator@0.3.7
131 silly idealTree ├── ordered-read-streams@0.1.0
131 silly idealTree ├── os-browserify@0.1.2
131 silly idealTree ├── os-homedir@1.0.1
131 silly idealTree ├── os-tmpdir@1.0.1
131 silly idealTree ├── osenv@0.1.3
131 silly idealTree ├── pako@0.2.9
131 silly idealTree ├── parents@1.0.1
131 silly idealTree ├── parse-asn1@5.0.0
131 silly idealTree ├── parse-filepath@1.0.1
131 silly idealTree ├── parse-glob@3.0.4
131 silly idealTree ├── parse-json@2.2.0
131 silly idealTree ├── parseurl@1.3.1
131 silly idealTree ├── path-browserify@0.0.0
131 silly idealTree ├── path-exists@1.0.0
131 silly idealTree ├── path-is-absolute@1.0.0
131 silly idealTree ├── path-platform@0.11.15
131 silly idealTree ├── path-root-regex@0.1.2
131 silly idealTree ├── path-root@0.1.1
131 silly idealTree ├── path-to-regexp@0.1.7
131 silly idealTree ├── path-type@1.1.0
131 silly idealTree ├── path@0.12.7
131 silly idealTree ├── pbkdf2@3.0.4
131 silly idealTree ├── pify@2.3.0
131 silly idealTree ├── pinkie-promise@2.0.1
131 silly idealTree ├── pinkie@2.0.4
131 silly idealTree ├── preserve@0.2.0
131 silly idealTree ├── pretty-hrtime@1.0.2
131 silly idealTree ├── private@0.1.6
131 silly idealTree ├── process-nextick-args@1.0.7
131 silly idealTree ├── process@0.11.8
131 silly idealTree ├── promise@7.1.1
131 silly idealTree ├── proxy-addr@1.1.2
131 silly idealTree ├── public-encrypt@4.0.0
131 silly idealTree ├── punycode@1.4.1
131 silly idealTree ├── q@1.4.1
131 silly idealTree ├── qs@6.2.1
131 silly idealTree ├── querystring-es3@0.2.1
131 silly idealTree ├── querystring@0.2.0
131 silly idealTree ├── randomatic@1.1.5
131 silly idealTree ├── randombytes@2.0.3
131 silly idealTree ├── range-parser@1.2.0
131 silly idealTree ├── react-dom@15.3.0
131 silly idealTree ├── react-tools@0.13.3
131 silly idealTree ├── react@15.3.0
131 silly idealTree ├── reactify@1.1.1
131 silly idealTree ├─┬ read-only-stream@2.0.0
131 silly idealTree │ ├── isarray@1.0.0
131 silly idealTree │ └── readable-stream@2.1.4
131 silly idealTree ├── read-pkg-up@1.0.1
131 silly idealTree ├── read-pkg@1.1.0
131 silly idealTree ├── readable-stream@1.1.14
131 silly idealTree ├── recast@0.10.43
131 silly idealTree ├── rechoir@0.6.2
131 silly idealTree ├── redent@1.0.0
131 silly idealTree ├── regenerator-runtime@0.9.5
131 silly idealTree ├── regex-cache@0.4.3
131 silly idealTree ├── repeat-element@1.1.2
131 silly idealTree ├── repeat-string@1.5.4
131 silly idealTree ├── repeating@1.1.3
131 silly idealTree ├── replace-ext@0.0.1
131 silly idealTree ├── request@2.74.0
131 silly idealTree ├── resolve-dir@0.1.1
131 silly idealTree ├── resolve@1.1.7
131 silly idealTree ├── ripemd160@1.0.1
131 silly idealTree ├── semver@4.3.6
131 silly idealTree ├── send@0.14.1
131 silly idealTree ├── sequencify@0.0.7
131 silly idealTree ├── serve-static@1.11.1
131 silly idealTree ├── setprototypeof@1.0.1
131 silly idealTree ├── sha.js@2.4.5
131 silly idealTree ├── shasum@1.0.2
131 silly idealTree ├── shebang-regex@1.0.0
131 silly idealTree ├── shell-quote@1.6.1
131 silly idealTree ├── sigmund@1.0.1
131 silly idealTree ├── signal-exit@3.0.0
131 silly idealTree ├── slash@1.0.0
131 silly idealTree ├── sntp@1.0.9
131 silly idealTree ├─┬ source-map-support@0.2.10
131 silly idealTree │ └── source-map@0.1.32
131 silly idealTree ├── source-map@0.5.6
131 silly idealTree ├── sparkles@1.0.0
131 silly idealTree ├── spdx-correct@1.0.2
131 silly idealTree ├── spdx-exceptions@1.0.5
131 silly idealTree ├── spdx-expression-parse@1.0.2
131 silly idealTree ├── spdx-license-ids@1.2.2
131 silly idealTree ├─┬ sshpk@1.9.2
131 silly idealTree │ └── assert-plus@1.0.0
131 silly idealTree ├── statuses@1.3.0
131 silly idealTree ├─┬ stream-browserify@2.0.1
131 silly idealTree │ ├── isarray@1.0.0
131 silly idealTree │ └── readable-stream@2.1.4
131 silly idealTree ├─┬ stream-combiner2@1.1.1
131 silly idealTree │ ├── duplexer2@0.1.4
131 silly idealTree │ ├── isarray@1.0.0
131 silly idealTree │ └── readable-stream@2.1.4
131 silly idealTree ├── stream-consume@0.1.0
131 silly idealTree ├─┬ stream-http@2.3.1
131 silly idealTree │ ├── isarray@1.0.0
131 silly idealTree │ └── readable-stream@2.1.4
131 silly idealTree ├─┬ stream-splicer@2.0.0
131 silly idealTree │ ├── isarray@1.0.0
131 silly idealTree │ └── readable-stream@2.1.4
131 silly idealTree ├── string_decoder@0.10.31
131 silly idealTree ├── stringstream@0.0.5
131 silly idealTree ├── strip-ansi@3.0.1
131 silly idealTree ├── strip-bom@2.0.0
131 silly idealTree ├── strip-indent@1.0.1
131 silly idealTree ├── subarg@1.0.0
131 silly idealTree ├── supports-color@2.0.0
131 silly idealTree ├─┬ syntax-error@1.1.6
131 silly idealTree │ └── acorn@2.7.0
131 silly idealTree ├─┬ through2@2.0.1
131 silly idealTree │ ├── isarray@1.0.0
131 silly idealTree │ └── readable-stream@2.0.6
131 silly idealTree ├── through@2.3.8
131 silly idealTree ├── tildify@1.2.0
131 silly idealTree ├── time-stamp@1.0.1
131 silly idealTree ├── timers-browserify@1.4.2
131 silly idealTree ├── to-arraybuffer@1.0.1
131 silly idealTree ├── to-fast-properties@1.0.2
131 silly idealTree ├── tough-cookie@2.3.1
131 silly idealTree ├── trim-newlines@1.0.0
131 silly idealTree ├── tty-browserify@0.0.0
131 silly idealTree ├── tunnel-agent@0.4.3
131 silly idealTree ├── tweetnacl@0.13.3
131 silly idealTree ├── type-is@1.6.13
131 silly idealTree ├── typedarray@0.0.6
131 silly idealTree ├── ua-parser-js@0.7.10
131 silly idealTree ├── umd@3.0.1
131 silly idealTree ├── unc-path-regex@0.1.2
131 silly idealTree ├── unique-stream@1.0.0
131 silly idealTree ├── unpipe@1.0.0
131 silly idealTree ├─┬ url@0.11.0
131 silly idealTree │ └── punycode@1.3.2
131 silly idealTree ├── user-home@1.1.1
131 silly idealTree ├── util-deprecate@1.0.2
131 silly idealTree ├── util@0.10.3
131 silly idealTree ├── utils-merge@1.0.0
131 silly idealTree ├── v8flags@2.0.11
131 silly idealTree ├── validate-npm-package-license@3.0.1
131 silly idealTree ├── vary@1.1.0
131 silly idealTree ├── verror@1.3.6
131 silly idealTree ├─┬ vinyl-fs@0.3.14
131 silly idealTree │ ├── clone@0.2.0
131 silly idealTree │ ├── graceful-fs@3.0.9
131 silly idealTree │ ├── readable-stream@1.0.34
131 silly idealTree │ ├── strip-bom@1.0.0
131 silly idealTree │ ├── through2@0.6.5
131 silly idealTree │ └── vinyl@0.4.6
131 silly idealTree ├─┬ vinyl-source-stream@1.1.0
131 silly idealTree │ ├── clone@0.2.0
131 silly idealTree │ ├── readable-stream@1.0.34
131 silly idealTree │ ├── through2@0.6.5
131 silly idealTree │ └── vinyl@0.4.6
131 silly idealTree ├── vinyl-sourcemaps-apply@0.2.1
131 silly idealTree ├── vinyl@0.5.3
131 silly idealTree ├── vm-browserify@0.0.4
131 silly idealTree ├── whatwg-fetch@1.0.0
131 silly idealTree ├── which@1.2.10
131 silly idealTree ├── wrappy@1.0.2
131 silly idealTree └── xtend@4.0.1
132 silly generateActionsToTake Starting
133 silly install generateActionsToTake
134 silly generateActionsToTake Finishing
135 silly diffTrees action count 3
136 silly diffTrees add finalhandler@0.5.0
137 silly diffTrees add qs@6.2.0
138 silly diffTrees add express@4.14.0
139 silly decomposeActions action count 24
140 silly decomposeActions fetch finalhandler@0.5.0
141 silly decomposeActions extract finalhandler@0.5.0
142 silly decomposeActions test finalhandler@0.5.0
143 silly decomposeActions preinstall finalhandler@0.5.0
144 silly decomposeActions build finalhandler@0.5.0
145 silly decomposeActions install finalhandler@0.5.0
146 silly decomposeActions postinstall finalhandler@0.5.0
147 silly decomposeActions finalize finalhandler@0.5.0
148 silly decomposeActions fetch qs@6.2.0
149 silly decomposeActions extract qs@6.2.0
150 silly decomposeActions test qs@6.2.0
151 silly decomposeActions preinstall qs@6.2.0
152 silly decomposeActions build qs@6.2.0
153 silly decomposeActions install qs@6.2.0
154 silly decomposeActions postinstall qs@6.2.0
155 silly decomposeActions finalize qs@6.2.0
156 silly decomposeActions fetch express@4.14.0
157 silly decomposeActions extract express@4.14.0
158 silly decomposeActions test express@4.14.0
159 silly decomposeActions preinstall express@4.14.0
160 silly decomposeActions build express@4.14.0
161 silly decomposeActions install express@4.14.0
162 silly decomposeActions postinstall express@4.14.0
163 silly decomposeActions finalize express@4.14.0
164 silly executeActions Starting
165 silly install executeActions
166 silly doSerial global-install 0
167 silly doParallel fetch 3
168 verbose correctMkdir /home/aaditya/.npm/_locks correctMkdir not in flight; initializing
169 verbose lock using /home/aaditya/.npm/_locks/staging-e6228d2d316e5f4e.lock for /home/aaditya/Desktop/pick_the_best_react/node_modules/.staging
170 silly doParallel extract 3
171 silly extract finalhandler@0.5.0
172 silly extract qs@6.2.0
173 silly extract express@4.14.0
174 verbose unbuild node_modules/.staging/finalhandler-5b854e3c
175 verbose unbuild node_modules/.staging/qs-4cc167ef
176 verbose unbuild node_modules/.staging/express-1af57ade
177 silly gentlyRm /home/aaditya/Desktop/pick_the_best_react/node_modules/.staging/finalhandler-5b854e3c is being purged from base /home/aaditya/Desktop/pick_the_best_react
178 verbose gentlyRm don't care about contents; nuking /home/aaditya/Desktop/pick_the_best_react/node_modules/.staging/finalhandler-5b854e3c
179 silly gentlyRm /home/aaditya/Desktop/pick_the_best_react/node_modules/.staging/qs-4cc167ef is being purged from base /home/aaditya/Desktop/pick_the_best_react
180 verbose gentlyRm don't care about contents; nuking /home/aaditya/Desktop/pick_the_best_react/node_modules/.staging/qs-4cc167ef
181 silly gentlyRm /home/aaditya/Desktop/pick_the_best_react/node_modules/.staging/express-1af57ade is being purged from base /home/aaditya/Desktop/pick_the_best_react
182 verbose gentlyRm don't care about contents; nuking /home/aaditya/Desktop/pick_the_best_react/node_modules/.staging/express-1af57ade
183 verbose tar unpack /home/aaditya/.npm/finalhandler/0.5.0/package.tgz
184 verbose tar unpacking to /home/aaditya/Desktop/pick_the_best_react/node_modules/.staging/finalhandler-5b854e3c
185 silly gentlyRm /home/aaditya/Desktop/pick_the_best_react/node_modules/.staging/finalhandler-5b854e3c is being purged
186 verbose gentlyRm don't care about contents; nuking /home/aaditya/Desktop/pick_the_best_react/node_modules/.staging/finalhandler-5b854e3c
187 verbose tar unpack /home/aaditya/.npm/qs/6.2.0/package.tgz
188 verbose tar unpacking to /home/aaditya/Desktop/pick_the_best_react/node_modules/.staging/qs-4cc167ef
189 silly gentlyRm /home/aaditya/Desktop/pick_the_best_react/node_modules/.staging/qs-4cc167ef is being purged
190 verbose gentlyRm don't care about contents; nuking /home/aaditya/Desktop/pick_the_best_react/node_modules/.staging/qs-4cc167ef
191 verbose tar unpack /home/aaditya/.npm/express/4.14.0/package.tgz
192 verbose tar unpacking to /home/aaditya/Desktop/pick_the_best_react/node_modules/.staging/express-1af57ade
193 silly gentlyRm /home/aaditya/Desktop/pick_the_best_react/node_modules/.staging/express-1af57ade is being purged
194 verbose gentlyRm don't care about contents; nuking /home/aaditya/Desktop/pick_the_best_react/node_modules/.staging/express-1af57ade
195 silly gunzTarPerm modes [ '755', '644' ]
196 silly gunzTarPerm modes [ '755', '644' ]
197 silly gunzTarPerm modes [ '755', '644' ]
198 silly gunzTarPerm extractEntry package.json
199 silly gunzTarPerm modified mode [ 'package.json', 438, 420 ]
200 silly gunzTarPerm extractEntry package.json
201 silly gunzTarPerm extractEntry package.json
202 silly gunzTarPerm modified mode [ 'package.json', 438, 420 ]
203 silly gunzTarPerm extractEntry README.md
204 silly gunzTarPerm modified mode [ 'README.md', 438, 420 ]
205 silly gunzTarPerm extractEntry LICENSE
206 silly gunzTarPerm modified mode [ 'LICENSE', 438, 420 ]
207 silly gunzTarPerm extractEntry LICENSE
208 silly gunzTarPerm extractEntry .eslintignore
209 silly gunzTarPerm extractEntry LICENSE
210 silly gunzTarPerm modified mode [ 'LICENSE', 438, 420 ]
211 silly gunzTarPerm extractEntry index.js
212 silly gunzTarPerm modified mode [ 'index.js', 438, 420 ]
213 silly gunzTarPerm extractEntry index.js
214 silly gunzTarPerm modified mode [ 'index.js', 438, 420 ]
215 silly gunzTarPerm extractEntry HISTORY.md
216 silly gunzTarPerm modified mode [ 'HISTORY.md', 438, 420 ]
217 silly gunzTarPerm extractEntry CHANGELOG.md
218 silly gunzTarPerm extractEntry CONTRIBUTING.md
219 silly gunzTarPerm extractEntry History.md
220 silly gunzTarPerm modified mode [ 'History.md', 438, 420 ]
221 silly gunzTarPerm extractEntry Readme.md
222 silly gunzTarPerm modified mode [ 'Readme.md', 438, 420 ]
223 silly gunzTarPerm extractEntry lib/application.js
224 silly gunzTarPerm modified mode [ 'lib/application.js', 438, 420 ]
225 silly gunzTarPerm extractEntry lib/express.js
226 silly gunzTarPerm modified mode [ 'lib/express.js', 438, 420 ]
227 silly gunzTarPerm extractEntry lib/request.js
228 silly gunzTarPerm modified mode [ 'lib/request.js', 438, 420 ]
229 silly gunzTarPerm extractEntry lib/response.js
230 silly gunzTarPerm modified mode [ 'lib/response.js', 438, 420 ]
231 silly gunzTarPerm extractEntry lib/utils.js
232 silly gunzTarPerm modified mode [ 'lib/utils.js', 438, 420 ]
233 silly gunzTarPerm extractEntry lib/view.js
234 silly gunzTarPerm modified mode [ 'lib/view.js', 438, 420 ]
235 silly gunzTarPerm extractEntry lib/middleware/init.js
236 silly gunzTarPerm modified mode [ 'lib/middleware/init.js', 438, 420 ]
237 silly gunzTarPerm extractEntry lib/middleware/query.js
238 silly gunzTarPerm modified mode [ 'lib/middleware/query.js', 438, 420 ]
239 silly gunzTarPerm extractEntry lib/router/index.js
240 silly gunzTarPerm modified mode [ 'lib/router/index.js', 438, 420 ]
241 silly gunzTarPerm extractEntry lib/router/layer.js
242 silly gunzTarPerm modified mode [ 'lib/router/layer.js', 438, 420 ]
243 silly gunzTarPerm extractEntry lib/router/route.js
244 silly gunzTarPerm modified mode [ 'lib/router/route.js', 438, 420 ]
245 silly gunzTarPerm extractEntry .eslintrc
246 silly gunzTarPerm extractEntry dist/qs.js
247 silly gunzTarPerm extractEntry lib/index.js
248 silly gunzTarPerm extractEntry lib/parse.js
249 silly gunzTarPerm extractEntry lib/stringify.js
250 silly gunzTarPerm extractEntry lib/utils.js
251 silly gunzTarPerm extractEntry .jscs.json
252 silly gunzTarPerm extractEntry test/index.js
253 silly gunzTarPerm extractEntry test/parse.js
254 silly gunzTarPerm extractEntry test/stringify.js
255 silly gunzTarPerm extractEntry test/utils.js
256 silly gentlyRm /home/aaditya/Desktop/pick_the_best_react/node_modules/.staging/finalhandler-5b854e3c/node_modules is being purged
257 verbose gentlyRm don't care about contents; nuking /home/aaditya/Desktop/pick_the_best_react/node_modules/.staging/finalhandler-5b854e3c/node_modules
258 silly gentlyRm /home/aaditya/Desktop/pick_the_best_react/node_modules/.staging/qs-4cc167ef/node_modules is being purged
259 verbose gentlyRm don't care about contents; nuking /home/aaditya/Desktop/pick_the_best_react/node_modules/.staging/qs-4cc167ef/node_modules
260 silly gentlyRm /home/aaditya/Desktop/pick_the_best_react/node_modules/.staging/express-1af57ade/node_modules is being purged
261 verbose gentlyRm don't care about contents; nuking /home/aaditya/Desktop/pick_the_best_react/node_modules/.staging/express-1af57ade/node_modules
262 silly doParallel preinstall 3
263 silly preinstall finalhandler@0.5.0 /home/aaditya/Desktop/pick_the_best_react/node_modules/.staging/finalhandler-5b854e3c
264 info lifecycle finalhandler@0.5.0~preinstall: finalhandler@0.5.0
265 silly preinstall qs@6.2.0 /home/aaditya/Desktop/pick_the_best_react/node_modules/.staging/qs-4cc167ef
266 info lifecycle qs@6.2.0~preinstall: qs@6.2.0
267 silly preinstall express@4.14.0 /home/aaditya/Desktop/pick_the_best_react/node_modules/.staging/express-1af57ade
268 info lifecycle express@4.14.0~preinstall: express@4.14.0
269 silly lifecycle finalhandler@0.5.0~preinstall: no script for preinstall, continuing
270 silly lifecycle qs@6.2.0~preinstall: no script for preinstall, continuing
271 silly lifecycle express@4.14.0~preinstall: no script for preinstall, continuing
272 silly doReverseSerial remove 0
273 silly doSerial move 0
274 silly doSerial finalize 3
275 silly finalize /home/aaditya/Desktop/pick_the_best_react/node_modules/express/node_modules/finalhandler
276 silly finalize /home/aaditya/Desktop/pick_the_best_react/node_modules/express/node_modules/qs
277 silly finalize /home/aaditya/Desktop/pick_the_best_react/node_modules/express
278 verbose unlock done using /home/aaditya/.npm/_locks/staging-e6228d2d316e5f4e.lock for /home/aaditya/Desktop/pick_the_best_react/node_modules/.staging
279 silly rollbackFailedOptional Starting
280 silly rollbackFailedOptional Finishing
281 silly runTopLevelLifecycles Starting
282 silly runTopLevelLifecycles Finishing
283 silly install printInstalled
284 warn pick_the_best_react@1.0.0 No description
285 warn pick_the_best_react@1.0.0 No repository field.
286 verbose stack Error: ENOTEMPTY, rename '/home/aaditya/Desktop/pick_the_best_react/node_modules/.express.DELETE'
286 verbose stack     at moveAway (/usr/local/lib/node_modules/npm/lib/install/action/finalize.js:38:5)
286 verbose stack     at destStatted (/usr/local/lib/node_modules/npm/lib/install/action/finalize.js:27:7)
286 verbose stack     at FSReqWrap.oncomplete (fs.js:95:15)
286 verbose stack
286 verbose stack Error: ENOTEMPTY, rename '/home/aaditya/Desktop/pick_the_best_react/node_modules/.express.DELETE'
286 verbose stack     at Error (native)
287 verbose cwd /home/aaditya/Desktop/pick_the_best_react/server
288 error Linux 4.2.0-23-generic
289 error argv "node" "/usr/local/bin/npm" "install" "--save" "express"
290 error node v0.12.7
291 error npm  v3.10.2
292 error path /home/aaditya/Desktop/pick_the_best_react/node_modules/.express.DELETE
293 error code ENOTEMPTY
294 error errno -39
295 error ENOTEMPTY, rename '/home/aaditya/Desktop/pick_the_best_react/node_modules/.express.DELETE'
296 error If you need help, you may report this error at:
296 error     <https://github.com/npm/npm/issues>
297 verbose exit [ -39, true ]
